::1 - - [01/Jun/2025:19:36:53 +0000] "GET /health HTTP/1.1" 200 127 "-" "axios/1.9.0" 9.087 ms
::1 - - [01/Jun/2025:19:36:53 +0000] "GET / HTTP/1.1" 200 642 "-" "axios/1.9.0" 0.691 ms
::1 - - [01/Jun/2025:19:36:53 +0000] "GET / HTTP/1.1" 200 642 "-" "axios/1.9.0" 0.643 ms
::1 - - [01/Jun/2025:19:36:53 +0000] "GET /test/compression HTTP/1.1" 200 - "-" "axios/1.9.0" 1.624 ms
::1 - - [01/Jun/2025:19:36:53 +0000] "GET /test/cors HTTP/1.1" 200 335 "-" "axios/1.9.0" 0.836 ms
::1 - - [01/Jun/2025:19:36:53 +0000] "GET /sensitive HTTP/1.1" 200 111 "-" "axios/1.9.0" 0.694 ms
::1 - - [01/Jun/2025:19:36:53 +0000] "GET /sensitive HTTP/1.1" 200 111 "-" "axios/1.9.0" 0.518 ms
::1 - - [01/Jun/2025:19:36:53 +0000] "GET /sensitive HTTP/1.1" 200 111 "-" "axios/1.9.0" 0.501 ms
::1 - - [01/Jun/2025:19:36:53 +0000] "GET /sensitive HTTP/1.1" 200 111 "-" "axios/1.9.0" 0.983 ms
::1 - - [01/Jun/2025:19:36:53 +0000] "GET /sensitive HTTP/1.1" 200 111 "-" "axios/1.9.0" 0.651 ms
::1 - - [01/Jun/2025:19:36:53 +0000] "GET /sensitive HTTP/1.1" 429 91 "-" "axios/1.9.0" 514.408 ms
::1 - - [01/Jun/2025:19:36:53 +0000] "GET /sensitive HTTP/1.1" 429 91 "-" "axios/1.9.0" 515.028 ms
::1 - - [01/Jun/2025:19:36:53 +0000] "GET /sensitive HTTP/1.1" 429 91 "-" "axios/1.9.0" 515.462 ms
::1 - - [01/Jun/2025:19:36:54 +0000] "POST /api/data HTTP/1.1" 200 190 "-" "axios/1.9.0" 526.697 ms
::1 - - [01/Jun/2025:19:36:54 +0000] "POST /api/data HTTP/1.1" 400 346 "-" "axios/1.9.0" 514.682 ms
::1 - - [01/Jun/2025:19:36:55 +0000] "GET /test/cookies HTTP/1.1" 200 109 "-" "axios/1.9.0" 510.210 ms
::1 - - [01/Jun/2025:19:36:55 +0000] "GET /test/session HTTP/1.1" 200 103 "-" "axios/1.9.0" 514.606 ms
::1 - - [01/Jun/2025:19:36:56 +0000] "GET /test/session HTTP/1.1" 200 103 "-" "axios/1.9.0" 501.581 ms
::1 - - [01/Jun/2025:19:36:56 +0000] "GET /test/performance HTTP/1.1" 200 147 "-" "axios/1.9.0" 560.307 ms
::1 - - [01/Jun/2025:19:36:57 +0000] "GET /metrics HTTP/1.1" 200 321 "-" "axios/1.9.0" 514.194 ms
::1 - - [01/Jun/2025:19:36:57 +0000] "GET /health HTTP/1.1" 200 127 "-" "axios/1.9.0" 512.458 ms
::1 - - [01/Jun/2025:19:36:58 +0000] "GET /test/performance HTTP/1.1" 200 147 "-" "axios/1.9.0" 554.423 ms
::1 - - [01/Jun/2025:19:36:58 +0000] "GET /test/performance HTTP/1.1" 200 147 "-" "axios/1.9.0" 570.828 ms
::1 - - [01/Jun/2025:19:36:58 +0000] "GET /test/performance HTTP/1.1" 200 147 "-" "axios/1.9.0" 599.470 ms
::1 - - [01/Jun/2025:19:36:58 +0000] "GET /test/performance HTTP/1.1" 200 147 "-" "axios/1.9.0" 603.892 ms
::1 - - [01/Jun/2025:19:36:58 +0000] "GET /test/performance HTTP/1.1" 200 147 "-" "axios/1.9.0" 601.446 ms
::1 - - [01/Jun/2025:19:36:58 +0000] "GET /test/performance HTTP/1.1" 200 148 "-" "axios/1.9.0" 615.790 ms
::1 - - [01/Jun/2025:19:36:58 +0000] "GET /test/performance HTTP/1.1" 200 148 "-" "axios/1.9.0" 616.175 ms
::1 - - [01/Jun/2025:19:36:58 +0000] "GET /test/performance HTTP/1.1" 200 148 "-" "axios/1.9.0" 631.305 ms
::1 - - [01/Jun/2025:19:36:58 +0000] "GET /test/performance HTTP/1.1" 200 148 "-" "axios/1.9.0" 663.883 ms
::1 - - [01/Jun/2025:19:36:58 +0000] "GET /test/performance HTTP/1.1" 200 148 "-" "axios/1.9.0" 678.506 ms
::1 - - [01/Jun/2025:19:36:58 +0000] "GET /nonexistent-route HTTP/1.1" 404 244 "-" "axios/1.9.0" 515.642 ms
